[2026-03-26 22:21:08.450] [info] Using configuration file /home/fpapeschi/.config/waybar/config.jsonc
[2026-03-26 22:21:08.450] [error] Error parsing JSON: * Line 19, Column 2
  Missing ',' or ']' in array declaration

Starting SwayNotificationCenter version swaync 0.12.5
** Message: 22:25:39.629: configModel.vala:513: Loading Config: "/home/fpapeschi/.config/swaync/config.json"

(process:6934): Adwaita-WARNING **: 22:25:39.665: Using GtkSettings:gtk-application-prefer-dark-theme with libadwaita is unsupported. Please use AdwStyleManager:color-scheme instead.
** Message: 22:25:39.971: functions.vala:104: Loading CSS: "/etc/xdg/swaync/style.css"
** Message: 22:25:39.973: functions.vala:117: Loading CSS: "/home/fpapeschi/.config/swaync/style.css"
Could not acquire notification name. Please close any other notification daemon like mako or dunst
Starting SwayNotificationCenter version swaync 0.12.5
** Message: 22:27:19.484: configModel.vala:513: Loading Config: "/home/fpapeschi/.config/swaync/config.json"

(process:6979): Adwaita-WARNING **: 22:27:19.522: Using GtkSettings:gtk-application-prefer-dark-theme with libadwaita is unsupported. Please use AdwStyleManager:color-scheme instead.
An instance of SwayNotificationCenter is already running!
[2026-03-26 23:04:54.538] [info] Using configuration file /home/fpapeschi/.config/waybar/config.jsonc
[2026-03-26 23:04:54.544] [info] Discovered appearance 'dark'
[2026-03-26 23:04:54.581] [info] Using CSS file /home/fpapeschi/.config/waybar/style.css
[2026-03-26 23:04:54.593] [info] Hyprland IPC starting
[2026-03-26 23:04:54.593] [info] Loading persistent workspaces from Waybar config
[2026-03-26 23:04:54.594] [info] Loading persistent workspaces from Hyprland workspace rules
[2026-03-26 23:04:54.673] [info] Bar configured (width: 1366, height: 50) for output: eDP-1
sed: couldn't flush stdout: Tubería rota
Audio thread exited unexpectedly. input/pulse.c: pa_simple_read() failed: Connection terminated

